2025/12/15 03:13:58 [INFO] operation: cli.onceFile | message: начало обработки файла
2025/12/15 03:13:58 [INFO] operation: cli.onceFile | message: локальное хранилище не существует, создание нового
2025/12/15 03:13:58 [INFO] operation: cli.onceFile | message: локальное хранилище успешно создано
2025/12/15 03:13:59 [INFO] operation: cli.onceFile | message: операция завершена успешно
2025/12/15 03:13:59 [INFO] operation: main | message: приложение успешно завершено
2025/12/15 03:15:58 [INFO] operation: cli.onceFile | message: начало обработки файла
2025/12/15 03:15:58 [INFO] operation: cli.onceFile | message: локальное хранилище не существует, создание нового
2025/12/15 03:15:58 [INFO] operation: cli.onceFile | message: локальное хранилище успешно создано
2025/12/15 03:15:59 [INFO] operation: cli.onceFile | message: операция завершена успешно
2025/12/15 03:15:59 [INFO] operation: main | message: приложение успешно завершено
2025/12/15 12:32:14 [INFO] operation: cli.onceFile | message: начало обработки файла
2025/12/15 12:32:24 [ERROR] operation: cli.onceFile | error type: 2 | message: ошибка при старте сервера: сервер не успел запуститься вовремя
2025/12/15 12:32:24 [ERROR] operation: cli.main.handleError | error type: 2 | message: ошибка при старте сервера: сервер не успел запуститься вовремя
2025/12/15 12:33:35 [INFO] operation: cli.onceFile | message: начало обработки файла
2025/12/15 12:34:28 [INFO] operation: cli.onceFile | message: начало обработки файла
2025/12/15 12:34:38 [ERROR] operation: cli.onceFile | error type: 2 | message: ошибка при старте сервера: сервер не успел запуститься вовремя
2025/12/15 12:34:38 [ERROR] operation: cli.main.handleError | error type: 2 | message: ошибка при старте сервера: сервер не успел запуститься вовремя
2025/12/15 12:34:46 [INFO] operation: cli.onceFile | message: начало обработки файла
2025/12/15 12:35:31 [ERROR] operation: cli.onceFile | error type: 2 | message: ошибка при старте сервера: сервер не успел запуститься вовремя
2025/12/15 12:35:31 [ERROR] operation: cli.main.handleError | error type: 2 | message: ошибка при старте сервера: сервер не успел запуститься вовремя
2025/12/15 12:35:55 [INFO] operation: cli.onceFile | message: начало обработки файла
2025/12/15 12:38:04 [INFO] operation: cli.onceFile | message: начало обработки файла
2025/12/15 12:38:49 [ERROR] operation: cli.onceFile | error type: 2 | message: ошибка при старте сервера: сервер не успел запуститься вовремя
2025/12/15 12:38:49 [ERROR] operation: cli.main.handleError | error type: 2 | message: ошибка при старте сервера: сервер не успел запуститься вовремя
2025/12/15 12:39:22 [INFO] operation: cli.onceFile | message: начало обработки файла
2025/12/15 12:40:07 [INFO] operation: cli.onceFile | message: начало обработки файла
2025/12/15 12:40:54 [INFO] operation: cli.onceFile | message: начало обработки файла
2025/12/15 12:58:55 [INFO] operation: cli.helper | message: начало выполнения команды сравки
2025/12/15 12:58:55 [INFO] operation: cli.helper | message: вывод приветственных сообщений и всех возможных команд
2025/12/15 12:58:55 [INFO] operation: cli.helper | message: справка успешно отображена
2025/12/15 12:58:55 [INFO] operation: cli.main | message: приложение успешно завершено
2025/12/17 23:57:48 [INFO] operation: cli.onceFile | message: начало обработки файла
2025/12/18 00:00:48 [ERROR] operation: cli.onceFile | error type: 2 | message: ошибка при старте сервера: сервер не успел запуститься вовремя
2025/12/18 00:00:48 [ERROR] operation: cli.main.handleError | error type: 2 | message: ошибка при старте сервера: сервер не успел запуститься вовремя
2025/12/18 00:04:56 [INFO] operation: cli.onceFile | message: начало обработки файла
2025/12/18 00:04:59 [ERROR] operation: cli.onceFile | error type: 2 | message: ошибка при отправке файла: сервер вернул статус: 400
2025/12/18 00:04:59 [ERROR] operation: cli.main.handleError | error type: 2 | message: ошибка при отправке файла: сервер вернул статус: 400
2025/12/18 00:07:23 [INFO] operation: cli.onceFile | message: начало обработки файла
2025/12/18 00:07:36 [INFO] operation: cli.onceFile | message: операция завершена успешно
2025/12/18 00:07:36 [INFO] operation: cli.main | message: приложение успешно завершено
